<?xml version="1.0" encoding="UTF-8"?>
<testng-results ignored="0" total="1" passed="1" failed="0" skipped="0">
  <reporter-output>
  </reporter-output>
  <suite started-at="2024-02-26T16:17:21 IST" name="Default suite" finished-at="2024-02-26T16:17:30 IST" duration-ms="9100">
    <groups>
    </groups>
    <test started-at="2024-02-26T16:17:21 IST" name="Default test" finished-at="2024-02-26T16:17:30 IST" duration-ms="9100">
      <class name="Bookstore.bookstore1">
        <test-method signature="bookstore1()[pri:0, instance:Bookstore.bookstore1@294425a7]" started-at="2024-02-26T16:17:21 IST" name="bookstore1" finished-at="2024-02-26T16:17:30 IST" duration-ms="8810" status="PASS">
          <reporter-output>
          </reporter-output>
        </test-method> <!-- bookstore1 -->
      </class> <!-- Bookstore.bookstore1 -->
    </test> <!-- Default test -->
  </suite> <!-- Default suite -->
</testng-results>
